<?xml version="1.0" encoding="UTF-8"?>
<!-- Generated by org.testng.reporters.JUnitReportReporter -->
<testsuite hostname="sachin-PC" name="com.jenkiens.JenkinesReader.JenkinesReaderApplicationTests" tests="1" failures="0" timestamp="30 May 2020 04:36:02 GMT" time="0.192" errors="0">
  <testcase name="shouldReturnDefaultMessage" time="0.192" classname="com.jenkiens.JenkinesReader.JenkinesReaderApplicationTests"/>
</testsuite> <!-- com.jenkiens.JenkinesReader.JenkinesReaderApplicationTests -->
